"../../../Engine/Content/Functions/Engine_MaterialFunctions01/Opacity/CameraDepthFade.uasset" 0
"../../../Engine/Content/EngineMaterials/T_Default_Material_Grid_M.uasset" 1
"../../../Engine/Content/EngineMaterials/T_Default_Material_Grid_N.uasset" 2
"../../../Engine/Content/EngineMaterials/WorldGridMaterial.uasset" 3
"../../../MyProject/Content/SpriteTexture/Menu/Menu_Background.uasset" 4
"../../../MyProject/Content/Maps/info_widget.uasset" 5
"../../../MyProject/Content/SpriteTexture/ballingmusic/bulb.uasset" 6
"../../../MyProject/Content/SpriteTexture/ballingmusic/jambutton.uasset" 7
"../../../MyProject/Content/SpriteTexture/Level_Sumo/Menu/Title.uasset" 8
"../../../MyProject/Content/SpriteTexture/Level_Sumo/music/sticks.uasset" 9
"../../../MyProject/Content/SpriteTexture/Menu/exit.uasset" 10
"../../../MyProject/Content/SpriteTexture/Menu/exit_clicked.uasset" 11
"../../../MyProject/Content/SpriteTexture/Menu/info.uasset" 12
"../../../MyProject/Content/SpriteTexture/Menu/info_clicked.uasset" 13
"../../../MyProject/Content/SpriteTexture/Menu/slamMode.uasset" 14
"../../../MyProject/Content/SpriteTexture/Menu/slamMode_clicked.uasset" 15
"../../../MyProject/Content/SpriteTexture/Menu/sumoMode.uasset" 16
"../../../MyProject/Content/SpriteTexture/Menu/sumoMode_clicked.uasset" 17
"../../../MyProject/Content/Maps/menu_widget.uasset" 18
"../../../MyProject/Content/SpriteTexture/ballingmusic/menumus.uasset" 19
"../../../MyProject/Content/SpriteTexture/ballingmusic/menumus_Cue.uasset" 20
"../../../MyProject/Content/Maps/Menu.umap" 21
"../../../Engine/Content/EngineMaterials/DefaultMaterial.uasset" 22
"../../../Engine/Content/EngineMaterials/DefaultDiffuse.uasset" 23
"../../../Engine/Content/EngineMaterials/DefaultNormal.uasset" 24
"../../../Engine/Content/Maps/Entry.umap" 25
"../../../Engine/Content/EngineFonts/Roboto.uasset" 26
"../../../Engine/Content/Functions/Engine_MaterialFunctions01/Shading/PowerToRoughness.uasset" 27
"../../../Engine/Content/EngineMaterials/DefaultDeferredDecalMaterial.uasset" 28
"../../../Engine/Content/EngineMaterials/DefaultLightFunctionMaterial.uasset" 29
"../../../Engine/Content/Functions/Engine_MaterialFunctions02/Utility/BreakOutFloat2Components.uasset" 30
"../../../Engine/Content/EngineMaterials/DefaultPostProcessMaterial.uasset" 31
"../../../Engine/Content/EngineResources/DefaultTexture.uasset" 32
"../../../Engine/Content/Functions/Engine_MaterialFunctions02/Texturing/ScreenAlignedUVs.uasset" 33
"../../../Engine/Content/EngineResources/WhiteSquareTexture.uasset" 34
"../../../Engine/Content/EngineMaterials/Widget3DPassThrough.uasset" 35
"../../../Engine/Content/EngineMaterials/Widget3DPassThrough_Translucent.uasset" 36
"../../../Engine/Content/EngineMaterials/Widget3DPassThrough_Translucent_OneSided.uasset" 37
"../../../Engine/Content/EngineMaterials/Widget3DPassThrough_Opaque.uasset" 38
"../../../Engine/Content/EngineMaterials/Widget3DPassThrough_Opaque_OneSided.uasset" 39
"../../../Engine/Content/EngineMaterials/Widget3DPassThrough_Masked.uasset" 40
"../../../Engine/Content/EngineMaterials/Widget3DPassThrough_Masked_OneSided.uasset" 41
"../../../Engine/Content/EditorResources/S_Actor.uasset" 42
"../../../Engine/Content/EditorResources/S_Emitter.uasset" 43
"../../../Engine/Content/EditorResources/Bad.uasset" 44
"../../../Engine/Content/EditorResources/Bkgnd.uasset" 45
"../../../Engine/Content/EditorResources/BkgndHi.uasset" 46
"../../../Engine/Content/EditorMeshes/EditorCube.uasset" 47
"../../../Engine/Content/EditorMeshes/EditorSphere.uasset" 48
"../../../Engine/Content/EditorMeshes/EditorPlane.uasset" 49
"../../../Engine/Content/EditorMeshes/EditorCylinder.uasset" 50
"../../../Engine/Content/Maps/Templates/Thumbnails/Default.uasset" 51
"../../../Engine/Content/EditorMaterials/Thumbnails/SkySphereMaterial.uasset" 52
"../../../Engine/Content/EditorMeshes/EditorSkySphere.uasset" 53
"../../../Engine/Content/EngineMaterials/Grid.uasset" 54
"../../../Engine/Content/EditorMaterials/Thumbnails/FloorPlaneMaterial.uasset" 55
"../../../Engine/Content/MapTemplates/Sky/DaylightAmbientCubemap.uasset" 56
"../../../Engine/Content/EditorMaterials/ParticleSystems/PSysThumbnail_NoImage.uasset" 57
"../../../Engine/Content/EditorMaterials/ParticleSystems/PSysThumbnail_OOD.uasset" 58
"../../../Engine/Content/EditorResources/S_DecalActorIcon.uasset" 59
"../../../Engine/Content/EditorLandscapeResources/LandscapeGizmo_Mat.uasset" 60
"../../../Engine/Content/EditorLandscapeResources/LandscapeGizmo_Mat_Copied.uasset" 61
"../../../Engine/Content/EditorLandscapeResources/LandscapeGizmoHeight_Mat.uasset" 62
"../../../Engine/Content/EditorLandscapeResources/DataLayer.uasset" 63
"../../../Engine/Content/EditorResources/S_Terrain.uasset" 64
"../../../Engine/Content/EditorLandscapeResources/SplineEditorMeshMat.uasset" 65
"../../../Engine/Content/EditorLandscapeResources/SplineEditorMesh.uasset" 66
"../../../Engine/Content/EditorResources/MatineeCam_D.uasset" 67
"../../../Engine/Content/EditorMaterials/MatineeCam_mat.uasset" 68
"../../../Engine/Content/EditorMeshes/MatineeCam_SM.uasset" 69
"../../../Engine/Content/Functions/Engine_MaterialFunctions02/Utility/Sign.uasset" 70
"../../../Engine/Content/Functions/Engine_MaterialFunctions02/Utility/Round.uasset" 71
"../../../Engine/Content/Functions/Engine_MaterialFunctions02/ExampleContent/Textures/flipbook.uasset" 72
"../../../Engine/Content/Functions/Engine_MaterialFunctions02/Texturing/FlipBook.uasset" 73
"../../../Engine/Content/EditorResources/T_EditorHelp.uasset" 74
"../../../Engine/Content/EditorMaterials/HelpActorMaterial.uasset" 75
"../../../Engine/Content/EditorResources/S_ExpoHeightFog.uasset" 76
"../../../Engine/Content/EditorResources/S_NavP.uasset" 77
"../../../Engine/Content/EditorResources/S_Player.uasset" 78
"../../../Engine/Content/EditorResources/LightIcons/SkyLight.uasset" 79
"../../../Engine/Content/EditorResources/S_WindDirectional.uasset" 80
"../../../Engine/Content/EngineDamageTypes/DmgTypeBP_Environmental.uasset" 81
"../../../Engine/Content/EditorResources/LightIcons/S_LightDirectional.uasset" 82
"../../../Engine/Content/EditorResources/LightIcons/S_LightDirectionalMove.uasset" 83
"../../../Engine/Content/EditorResources/LightIcons/S_LightPoint.uasset" 84
"../../../Engine/Content/EditorResources/LightIcons/S_LightPointMove.uasset" 85
"../../../Engine/Content/EditorResources/LightIcons/S_LightSpot.uasset" 86
"../../../Engine/Content/EditorResources/LightIcons/S_LightSpotMove.uasset" 87
"../../../Engine/Content/EditorResources/MatInstActSprite.uasset" 88
"../../../Engine/Content/EditorResources/SceneManager.uasset" 89
"../../../Engine/Content/EditorResources/AI/S_NavLink.uasset" 90
"../../../Engine/Content/EditorResources/S_Note.uasset" 91
"../../../Engine/Content/EngineMeshes/Sphere.uasset" 92
"../../../Engine/Content/EditorResources/S_ReflActorIcon.uasset" 93
"../../../Engine/Content/EditorResources/S_Thruster.uasset" 94
"../../../Engine/Content/EditorResources/S_RadForce.uasset" 95
"../../../Engine/Content/EditorMaterials/TargetIcon.uasset" 96
"../../../Engine/Content/EngineFonts/RobotoDistanceField.uasset" 97
"../../../Engine/Content/EngineMaterials/DefaultTextMaterialOpaque.uasset" 98
"../../../Engine/Content/EditorResources/S_TextRenderActorIcon.uasset" 99
"../../../Engine/Content/EditorResources/S_Trigger.uasset" 100
"../../../Engine/Content/EditorResources/S_VectorFieldVol.uasset" 101
"../../../Engine/Content/EngineResources/GradientTexture0.uasset" 102
"../../../Engine/Content/EngineResources/Black.uasset" 103
"../../../Engine/Content/EditorMaterials/MatineeGroups/MAT_Groups_Float.uasset" 104
"../../../Engine/Content/EditorMaterials/MatineeGroups/MAT_Groups_Director.uasset" 105
"../../../Engine/Content/EditorMaterials/MatineeGroups/MAT_Groups_Event.uasset" 106
"../../../Engine/Content/EditorMaterials/MatineeGroups/MAT_Groups_Anim.uasset" 107
"../../../Engine/Content/EditorMaterials/MatineeGroups/MAT_Groups_Fade.uasset" 108
"../../../Engine/Content/EditorMaterials/MatineeGroups/MAT_Groups_Move.uasset" 109
"../../../Engine/Content/EditorMaterials/MatineeGroups/MAT_Groups_Slomo.uasset" 110
"../../../Engine/Content/EditorMaterials/MatineeGroups/MAT_ColorTrack.uasset" 111
"../../../Engine/Content/EditorMaterials/MAT_Groups_Toggle.uasset" 112
"../../../Engine/Content/EditorMaterials/MatineeGroups/MAT_Groups_AudioMaster.uasset" 113
"../../../Engine/Content/EditorMaterials/MatineeGroups/MAT_Groups_Sound.uasset" 114
"../../../Engine/Content/EditorMaterials/MatineeGroups/MAT_Groups_Vector.uasset" 115
"../../../Engine/Content/EditorMaterials/MAT_Groups_Visibility.uasset" 116
"../../../Engine/Content/EngineResources/DefaultTextureCube.uasset" 117
"../../../Engine/Content/EngineMeshes/Cylinder.uasset" 118
"../../../Engine/Content/EngineTireTypes/DefaultTireType.uasset" 119
"../../../Engine/Content/EditorResources/S_FTest.uasset" 120
"../../../Engine/Content/EngineResources/AICON-Red.uasset" 121
"../../../Engine/Content/EngineResources/AICON-Green.uasset" 122
"../../../Engine/Plugins/2D/Paper2D/Content/PlaceholderTextures/DummySpriteTexture.uasset" 123
"../../../Engine/Plugins/2D/Paper2D/Content/DefaultSpriteMaterial.uasset" 124
"../../../Engine/Plugins/2D/Paper2D/Content/MaskedUnlitSpriteMaterial.uasset" 125
"../../../Engine/Plugins/2D/Paper2D/Content/OpaqueUnlitSpriteMaterial.uasset" 126
"../../../Engine/Plugins/2D/Paper2D/Content/DummySprite.uasset" 127
"../../../Engine/Plugins/2D/Paper2D/Content/DefaultPaperTerrainMaterial.uasset" 128
"../../../Engine/Content/EditorSounds/Notifications/CompileSuccess.uasset" 129
"../../../Engine/Content/EditorSounds/Notifications/CompileStart_Cue.uasset" 130
"../../../Engine/Content/EditorSounds/Notifications/CompileSuccess_Cue.uasset" 131
"../../../Engine/Content/EditorSounds/Notifications/CompileFailed.uasset" 132
"../../../Engine/Content/EditorSounds/Notifications/CompileFailed_Cue.uasset" 133
"../../../Engine/Content/BufferVisualization/BaseColor.uasset" 134
"../../../Engine/Content/BufferVisualization/CustomDepth.uasset" 135
"../../../Engine/Content/Functions/Engine_MaterialFunctions02/Utility/MakeFloat2.uasset" 136
"../../../Engine/Content/Functions/Engine_MaterialFunctions02/Utility/MakeFloat3.uasset" 137
"../../../Engine/Content/EngineMaterials/MiniFont.uasset" 138
"../../../Engine/Content/BufferVisualization/CustomStencil.uasset" 139
"../../../Engine/Content/BufferVisualization/DecalMask.uasset" 140
"../../../Engine/Content/BufferVisualization/FinalImage.uasset" 141
"../../../Engine/Content/BufferVisualization/LightingModel.uasset" 142
"../../../Engine/Content/BufferVisualization/MaterialAO.uasset" 143
"../../../Engine/Content/BufferVisualization/Metallic.uasset" 144
"../../../Engine/Content/BufferVisualization/Opacity.uasset" 145
"../../../Engine/Content/BufferVisualization/Roughness.uasset" 146
"../../../Engine/Content/BufferVisualization/SceneColor.uasset" 147
"../../../Engine/Content/BufferVisualization/SceneDepth.uasset" 148
"../../../Engine/Content/BufferVisualization/SeparateTranslucencyRGB.uasset" 149
"../../../Engine/Content/BufferVisualization/SeparateTranslucencyA.uasset" 150
"../../../Engine/Content/BufferVisualization/Specular.uasset" 151
"../../../Engine/Content/BufferVisualization/SubsurfaceColor.uasset" 152
"../../../Engine/Content/BufferVisualization/WorldNormal.uasset" 153
"../../../Engine/Content/EngineMaterials/DefaultPhysicalMaterial.uasset" 154
"../../../Engine/Content/BufferVisualization/AmbientOcclusion.uasset" 155
"../../../Engine/Content/Functions/Engine_MaterialFunctions02/Utility/VectorLength.uasset" 156
"../../../Engine/Content/BufferVisualization/CustomDepthWorldUnits.uasset" 157
"../../../Engine/Content/BufferVisualization/SceneDepthWorldUnits.uasset" 158
"../../../Engine/Plugins/Runtime/LeapMotionController/Content/LM_CapsuleMesh.uasset" 159
"../../../Engine/Plugins/Runtime/LeapMotionController/Content/LM_TorusMesh.uasset" 160
"../../../Engine/Plugins/Runtime/LeapMotionController/Content/LM_HandColor.uasset" 161
"../../../Engine/Plugins/Runtime/LeapMotionController/Content/LM_SampleDistortion.uasset" 162
"../../../Engine/Plugins/Runtime/LeapMotionController/Content/LM_TestTexture.uasset" 163
"../../../Engine/Plugins/Runtime/LeapMotionController/Content/LM_PassthroughMaterial.uasset" 164
"../../../Engine/Content/BasicShapes/Cube.uasset" 165
"../../../Engine/Content/EngineMaterials/HighResolutionScreenshotMaskFunction.uasset" 166
"../../../Engine/Content/EngineMaterials/HighResScreenshot.uasset" 167
"../../../Engine/Content/EngineMaterials/HighResScreenshotMask.uasset" 168
"../../../Engine/Content/EngineMaterials/HighResScreenshotCaptureRegion.uasset" 169
"../../../Engine/Content/EngineDebugMaterials/WireframeMaterial.uasset" 170
"../../../Engine/Content/Functions/Engine_MaterialFunctions01/Shading/ConvertFromDiffSpec.uasset" 171
"../../../Engine/Content/EngineDebugMaterials/LevelColorationLitMaterial.uasset" 172
"../../../Engine/Content/EngineDebugMaterials/LevelColorationUnlitMaterial.uasset" 173
"../../../Engine/Content/EngineMaterials/DefaultWhiteGrid.uasset" 174
"../../../Engine/Content/EngineDebugMaterials/MAT_LevelColorationLitLightmapUV.uasset" 175
"../../../Engine/Content/EngineDebugMaterials/ShadedLevelColorationLitMaterial.uasset" 176
"../../../Engine/Content/EngineDebugMaterials/ShadedLevelColorationUnlitMateri.uasset" 177
"../../../Engine/Content/EngineDebugMaterials/VertexColorMaterial.uasset" 178
"../../../Engine/Content/EngineDebugMaterials/VertexColorViewMode_ColorOnly.uasset" 179
"../../../Engine/Content/EngineDebugMaterials/VertexColorViewMode_AlphaAsColor.uasset" 180
"../../../Engine/Content/EngineDebugMaterials/VertexColorViewMode_RedOnly.uasset" 181
"../../../Engine/Content/EngineDebugMaterials/VertexColorViewMode_GreenOnly.uasset" 182
"../../../Engine/Content/EngineDebugMaterials/VertexColorViewMode_BlueOnly.uasset" 183
"../../../Engine/Content/EngineMaterials/RemoveSurfaceMaterial.uasset" 184
"../../../Engine/Content/EngineDebugMaterials/DebugMeshMaterial.uasset" 185
"../../../Engine/Content/EngineMaterials/InvalidLightmapSettings.uasset" 186
"../../../Engine/Content/EngineMaterials/M_InvalidLightmapSettings.uasset" 187
"../../../Engine/Content/EditorMaterials/GizmoMaterial.uasset" 188
"../../../Engine/Content/EngineDebugMaterials/GeomMaterial.uasset" 189
"../../../Engine/Content/EngineMaterials/EditorBrushMaterial.uasset" 190
"../../../Engine/Content/EngineDebugMaterials/HeatmapGradient.uasset" 191
"../../../Engine/Content/EngineDebugMaterials/BoneWeightMaterial.uasset" 192
"../../../Engine/Content/EditorMaterials/PreviewShadowIndicator.uasset" 193
"../../../Engine/Content/EditorMaterials/PreviewShadowIndicatorMaterial.uasset" 194
"../../../Engine/Content/EditorMaterials/PhAT_JointLimitMaterial.uasset" 195
"../../../Engine/Content/EditorResources/BSPVertex.uasset" 196
"../../../Engine/Content/EngineMaterials/Good64x64TilingNoiseHighFreq.uasset" 197
"../../../Engine/Content/EngineMaterials/DefaultBokeh.uasset" 198
"../../../Engine/Content/EngineMaterials/PreintegratedSkinBRDF.uasset" 199
"../../../Engine/Content/EngineMaterials/WeightMapPlaceholderTexture.uasset" 200
"../../../Engine/Content/EngineFonts/RobotoTiny.uasset" 201
"../../../Engine/Content/Tutorial/Basics/LevelEditorAttract.uasset" 202
"../../../Engine/Content/Tutorial/BlueprintTutorials/TutorialAssets/Blueprint_64x.uasset" 203
"../../../Engine/Content/Tutorial/BlueprintTutorials/BlueprintEditorTutorial.uasset" 204
"../../../Engine/Content/Tutorial/Basics/TutorialAssets/icon_tab_Levels_40x.uasset" 205
"../../../Engine/Content/Tutorial/Basics/LevelEditorOverview.uasset" 206
"../../../Engine/Content/Tutorial/ContentIntroCurve.uasset" 207
"../../../Engine/Content/EditorMaterials/Cross.uasset" 208
"../../../Engine/Content/EditorMaterials/Cross_Mat.uasset" 209
"../../../Engine/Content/EditorMaterials/PhAT_BoneSelectedMaterial.uasset" 210
"../../../Engine/Content/EditorMaterials/PhAT_ElemSelectedMaterial.uasset" 211
"../../../Engine/Content/EditorMaterials/PhAT_NoCollisionMaterial.uasset" 212
"../../../Engine/Content/EditorMaterials/PhAT_UnselectedMaterial.uasset" 213
"../../../Engine/Content/EditorMaterials/Tick.uasset" 214
"../../../Engine/Content/EditorMaterials/Tick_Mat.uasset" 215
"../../../Engine/Content/EditorMaterials/WidgetGridVertexColorMaterial.uasset" 216
"../../../Engine/Content/EditorMaterials/WidgetGridVertexColorMaterial_Ma.uasset" 217
"../../../Engine/Content/EditorMaterials/WidgetMaterial.uasset" 218
"../../../Engine/Content/EditorMaterials/WidgetMaterial_Current.uasset" 219
"../../../Engine/Content/EditorMaterials/WidgetMaterial_X.uasset" 220
"../../../Engine/Content/EditorMaterials/WidgetMaterial_Y.uasset" 221
"../../../Engine/Content/EditorMaterials/WidgetMaterial_Z.uasset" 222
"../../../Engine/Content/EditorMaterials/WidgetVertexColorMaterial.uasset" 223
"../../../Engine/Content/EditorMaterials/CompositeARGBLayer.uasset" 224
"../../../Engine/Content/EditorMaterials/TilingAALineIntegral.uasset" 225
"../../../Engine/Content/EditorMaterials/TilingAALineBoxFiltered.uasset" 226
"../../../Engine/Content/Functions/Engine_MaterialFunctions03/Procedurals/ComputeFilterWidth.uasset" 227
"../../../Engine/Content/EditorMaterials/TilingAADots.uasset" 228
"../../../Engine/Content/EditorMaterials/Cascade/CASC_Cross.uasset" 229
"../../../Engine/Content/EditorMaterials/Cascade/CASC_None.uasset" 230
"../../../Engine/Content/Functions/Engine_MaterialFunctions03/Blends/Blend_Screen.uasset" 231
"../../../Engine/Content/EditorMaterials/TilingAAGrid.uasset" 232
"../../../Engine/Content/EditorMaterials/LevelGridMaterial.uasset" 233
"../../../Engine/Content/EditorResources/SmallFont.uasset" 234
"../../../Engine/Content/EditorResources/S_KBSJoint.uasset" 235
"../../../Engine/Content/EditorResources/S_KHinge.uasset" 236
"../../../Engine/Content/EditorResources/S_KPrismatic.uasset" 237
"../../../Engine/Content/EditorResources/LightIcons/S_LightError.uasset" 238
"../../../Engine/Content/EditorResources/Spline/T_Loft_Spline.uasset" 239
"../../../Engine/Content/EngineMaterials/BlinkingCaret.uasset" 240
"../../../Engine/Content/EngineMaterials/Grid_N.uasset" 241
"../../../Engine/Content/EngineMaterials/LandscapeHolePhysicalMaterial.uasset" 242
"../../../Engine/Content/EngineMaterials/PaperDiffuse.uasset" 243
"../../../Engine/Content/EngineMaterials/PaperNormal.uasset" 244
"../../../Engine/Content/EngineMaterials/PhysMat_Rubber.uasset" 245
"../../../Engine/Content/EngineFonts/SmallFont.uasset" 246
"../../../Engine/Content/EngineFonts/TinyFont.uasset" 247
"../../../Engine/Content/EngineResources/StreamingPauseIcon.uasset" 248
"../../../Engine/Content/EngineResources/M_StreamingPause.uasset" 249
"../../../Engine/Content/EditorLandscapeResources/DefaultAlphaTexture.uasset" 250
"../../../Engine/Content/EditorBlueprintResources/StandardMacros.uasset" 251
"../../../Engine/Content/EngineSky/C_Sky_Cloud_Color.uasset" 252
"../../../Engine/Content/EngineSky/C_Sky_Horizon_Color.uasset" 253
"../../../Engine/Content/EngineSky/C_Sky_Zenith_Color.uasset" 254
"../../../Engine/Content/EngineSky/T_Sky_Blue.uasset" 255
"../../../Engine/Content/EngineSky/T_Sky_Clouds_M.uasset" 256
"../../../Engine/Content/EngineSky/T_Sky_Stars.uasset" 257
"../../../Engine/Content/EngineSky/SM_SkySphere.uasset" 258
"../../../Engine/Content/EngineSky/M_Sky_Panning_Clouds2.uasset" 259
"../../../Engine/Content/EngineSky/BP_Sky_Sphere.uasset" 260
"../../../Engine/Content/MapTemplates/SM_Template_Map_Floor.uasset" 261
"../../../Engine/Content/EditorBlueprintResources/ActorMacros.uasset" 262
"../../../Engine/Content/EditorResources/EmptyActor.uasset" 263
"../../../Engine/Content/BasicShapes/Sphere.uasset" 264
"../../../Engine/Content/BasicShapes/Cylinder.uasset" 265
"../../../Engine/Content/BasicShapes/Cone.uasset" 266
"../../../Engine/Content/EditorMaterials/MakeCompositeARGBLayer.uasset" 267
"../../../Engine/Content/EditorResources/LevelGrid1DStripes.uasset" 268
"../../../Engine/Content/EditorMaterials/TextureGridCascaded1D.uasset" 269
"../../../Engine/Content/EditorMaterials/TextureGridCascaded2D.uasset" 270
"../../../Engine/Content/EditorMaterials/LevelGridMaterial2.uasset" 271
"../../../Engine/Plugins/2D/Paper2D/Content/TranslucentUnlitSpriteMaterial.uasset" 272
"../../../MyProject/Content/SpriteTexture/Instructions/Press_AS-KL.uasset" 273
"../../../MyProject/Content/SpriteTexture/Instructions/Press_AS-KL_Sprite_0.uasset" 274
"../../../MyProject/Content/SpriteTexture/Instructions/animation_press_as.uasset" 275
"../../../Engine/Content/Tutorial/Paper2D/TutorialAssets/Paper2DFlipbook_TutorialIcon.uasset" 276
"../../../Engine/Content/Tutorial/Paper2D/FlipbookEditorTutorial.uasset" 277
"../../../MyProject/Content/SpriteTexture/Level_Sumo/Sumo_raw/Guapos.uasset" 278
"../../../MyProject/Content/SpriteTexture/Level_Sumo/Sumo_raw/Guapos_Sprite_1.uasset" 279
"../../../MyProject/Content/SpriteTexture/Level_Sumo/sumo2_idle.uasset" 280
"../../../MyProject/Content/SpriteTexture/Level_Sumo/player2_Sumo.uasset" 281
"../../../MyProject/Content/SpriteTexture/Level_Sumo/music/sumo1.uasset" 282
"../../../MyProject/Content/SpriteTexture/Level_Sumo/music/sumo1_Cue.uasset" 283
"../../../MyProject/Content/SpriteTexture/Level_Sumo/music/sumo2Jump.uasset" 284
"../../../MyProject/Content/SpriteTexture/Level_Sumo/music/sumo2Jump_Cue.uasset" 285
"../../../MyProject/Content/SpriteTexture/Level_Sumo/Sumo_raw/Guapos_Sprite_0.uasset" 286
"../../../MyProject/Content/SpriteTexture/Level_Sumo/sumo1_idle.uasset" 287
"../../../MyProject/Content/SpriteTexture/Level_Sumo/player1_Sumo.uasset" 288
"../../../MyProject/Content/Blueprints/gameMode_Sumo.uasset" 289
"../../../Engine/Content/BasicShapes/BasicShapeMaterial.uasset" 290
"../../../MyProject/Content/SpriteTexture/Level_Sumo/Sumo_raw/Background.uasset" 291
"../../../MyProject/Content/SpriteTexture/Level_Sumo/Sumo_Background.uasset" 292
"../../../MyProject/Content/SpriteTexture/Level_Sumo/music/gong.uasset" 293
"../../../MyProject/Content/SpriteTexture/Level_Sumo/music/gong_Cue.uasset" 294
"../../../MyProject/Content/SpriteTexture/Level_Sumo/music/iyopon.uasset" 295
"../../../MyProject/Content/SpriteTexture/Level_Sumo/music/iyopon_Cue.uasset" 296
"../../../MyProject/Content/SpriteTexture/Level_Sumo/music/sticks_Cue.uasset" 297
"../../../MyProject/Content/SpriteTexture/Level_Sumo/music/sumotheme.uasset" 298
"../../../MyProject/Content/SpriteTexture/Level_Sumo/music/sumotheme_Cue.uasset" 299
"../../../MyProject/Content/SpriteTexture/Level_Sumo/sumo-1.uasset" 300
"../../../MyProject/Content/SpriteTexture/Level_Sumo/sumo-1_Sprite_0.uasset" 301
"../../../MyProject/Content/SpriteTexture/Menu/exit_Sprite.uasset" 302
"../../../MyProject/Content/SpriteTexture/Win/P1_Wins.uasset" 303
"../../../MyProject/Content/SpriteTexture/Win/P1_Wins_Sprite.uasset" 304
"../../../MyProject/Content/SpriteTexture/Win/animation_p1win.uasset" 305
"../../../MyProject/Content/SpriteTexture/Win/P2_Wins.uasset" 306
"../../../MyProject/Content/SpriteTexture/Win/P2_Wins_Sprite.uasset" 307
"../../../MyProject/Content/SpriteTexture/Win/animation_p2win.uasset" 308
"../../../Engine/Content/ArtTools/RenderToTexture/Enums/RenderToTexture_Imposter_Enum.uasset" 309
"../../../Engine/Content/ArtTools/RenderToTexture/Enums/RenderToTexture_Flipbook_Enum.uasset" 310
"../../../Engine/Content/ArtTools/RenderToTexture/Enums/RenderToTexture_Enum.uasset" 311
"../../../MyProject/Content/SpriteTexture/Instructions/Press_A_and-or-nor_L.uasset" 312
"../../../MyProject/Content/SpriteTexture/Instructions/instructions_l.uasset" 313
"../../../MyProject/Content/SpriteTexture/Instructions/animation_press_l.uasset" 314
"../../../MyProject/Content/SpriteTexture/Instructions/instructions_a.uasset" 315
"../../../MyProject/Content/SpriteTexture/Instructions/animation_press_a.uasset" 316
"../../../MyProject/Content/SpriteTexture/Hoop/Hoop.uasset" 317
"../../../MyProject/Content/SpriteTexture/Hoop/Hoop_Sprite_0.uasset" 318
"../../../MyProject/Content/SpriteTexture/Hoop/Hoop_Sprite_1.uasset" 319
"../../../MyProject/Content/SpriteTexture/Hoop/Hoop_Sprite_2.uasset" 320
"../../../MyProject/Content/SpriteTexture/Hoop/Hoop_Sprite_3.uasset" 321
"../../../MyProject/Content/SpriteTexture/hoop_score.uasset" 322
"../../../MyProject/Content/SpriteTexture/Beachball/Beachball.uasset" 323
"../../../MyProject/Content/SpriteTexture/Beachball/Beachball_Sprite_0.uasset" 324
"../../../MyProject/Content/SpriteTexture/Beachball/Beachball_Sprite_1.uasset" 325
"../../../MyProject/Content/SpriteTexture/Beachball/Beachball_Sprite_2.uasset" 326
"../../../MyProject/Content/SpriteTexture/Beachball/Beachball_Sprite_3.uasset" 327
"../../../MyProject/Content/SpriteTexture/Beachball/Beachball_Sprite_4.uasset" 328
"../../../MyProject/Content/SpriteTexture/Beachball/Beachball_Sprite_5.uasset" 329
"../../../MyProject/Content/SpriteTexture/Beachball/Beachball_Sprite_6.uasset" 330
"../../../MyProject/Content/SpriteTexture/Beachball/Beachball_Sprite_7.uasset" 331
"../../../MyProject/Content/SpriteTexture/Beachball_jump.uasset" 332
"../../../MyProject/Content/SpriteTexture/Basketball/Basketball.uasset" 333
"../../../MyProject/Content/SpriteTexture/Basketball/Basketball_Sprite_0.uasset" 334
"../../../MyProject/Content/SpriteTexture/Basketball/Basketball_Sprite_1.uasset" 335
"../../../MyProject/Content/SpriteTexture/Basketball/Basketball_Sprite_3.uasset" 336
"../../../MyProject/Content/SpriteTexture/Basketball/Basketball_Sprite_6.uasset" 337
"../../../MyProject/Content/SpriteTexture/Basketball/Basketball_Sprite_7.uasset" 338
"../../../MyProject/Content/SpriteTexture/Basketball_jump.uasset" 339
"../../../MyProject/Content/SpriteTexture/Basketball/Post.uasset" 340
"../../../MyProject/Content/SpriteTexture/Basketball/Post_Sprite_1.uasset" 341
"../../../MyProject/Content/SpriteTexture/Basketball/Post_Sprite_0.uasset" 342
"../../../MyProject/Content/SpriteTexture/ballingmusic/swish.uasset" 343
"../../../MyProject/Content/SpriteTexture/ballingmusic/swish_Cue.uasset" 344
"../../../MyProject/Content/SpriteTexture/ballingmusic/beachhit.uasset" 345
"../../../MyProject/Content/SpriteTexture/ballingmusic/beachhit_Cue.uasset" 346
"../../../MyProject/Content/SpriteTexture/ballingmusic/basketmus.uasset" 347
"../../../MyProject/Content/SpriteTexture/ballingmusic/basketmus_Cue.uasset" 348
"../../../MyProject/Content/SpriteTexture/ballingmusic/baskethit.uasset" 349
"../../../MyProject/Content/SpriteTexture/ballingmusic/baskethit_Cue.uasset" 350
"../../../MyProject/Content/SpriteTexture/material_Translusent.uasset" 351
"../../../MyProject/Content/SpriteTexture/Background.uasset" 352
"../../../MyProject/Content/SpriteTexture/Background_Mat.uasset" 353
"../../../Engine/Content/ArtTools/RenderToTexture/Enums/EFloatTypes.uasset" 354
"../../../Engine/Content/ArtTools/RenderToTexture/Macros/RenderToTextureMacros.uasset" 355
"../../../Engine/Content/Tutorial/BlueprintTutorials/TutorialAssets/Tutorial_BP_MacroLib.uasset" 356
"../../../Engine/Content/Tutorial/BlueprintTutorials/LevelBlueprintEditorOverview.uasset" 357
"../../../MyProject/Content/SpriteTexture/Basketball_idle.uasset" 358
"../../../MyProject/Content/SpriteTexture/Beachball_idle.uasset" 359
"../../../MyProject/Content/SpriteTexture/Balls/ball_Ball_1.uasset" 360
"../../../MyProject/Content/SpriteTexture/jump.uasset" 361
"../../../MyProject/Content/SpriteTexture/paperCharacterBeachball.uasset" 362
"../../../MyProject/Content/SpriteTexture/Basketball/ball.uasset" 363
"../../../MyProject/Content/SpriteTexture/paperCharacterBasquetball.uasset" 364
"../../../MyProject/Content/Blueprints/paperGameMode.uasset" 365
"../../../MyProject/Content/SpriteTexture/hoop_idle.uasset" 366
"../../../MyProject/Content/SpriteTexture/hoopCharacter.uasset" 367
"../../../MyProject/Content/SpriteTexture/Instructions/Exit.uasset" 368
"../../../MyProject/Content/SpriteTexture/Instructions/Exit_Sprite.uasset" 369
"../../../Engine/Content/EditorMaterials/AntialiasedGridFloor.uasset" 370
"../../../Engine/Content/EditorResources/TilePatine_D.uasset" 371
"../../../Engine/Content/EditorResources/TilePatine_N.uasset" 372
"../../../Engine/Content/EditorMaterials/PersonaFloorMat.uasset" 373
"../../../Engine/Content/EditorMaterials/GridMaterial.uasset" 374
"../../../Engine/Content/EditorMeshes/PhAT_FloorBox.uasset" 375
"../../../Engine/Content/EditorSounds/GamePreview/EndPlayInEditor.uasset" 376
"../../../Engine/Content/EditorSounds/GamePreview/EndPlayInEditor_Cue.uasset" 377
"../../../MyProject/Content/SpriteTexture/Instructions/P2.uasset" 378
"../../../MyProject/Content/SpriteTexture/Instructions/P2_Sprite.uasset" 379
"../../../MyProject/Content/SpriteTexture/Instructions/instructions_press_kl.uasset" 380
"../../../Engine/Content/EditorSounds/GamePreview/StartPlayInEditor.uasset" 381
"../../../Engine/Content/EditorSounds/GamePreview/StartPlayInEditor_Cue.uasset" 382
"../../../Engine/Content/MobileResources/HUD/MobileHUDButton3.uasset" 383
"../../../Engine/Content/EditorResources/AudioIcons/S_AudioComponent_AutoActivate.uasset" 384
"../../../Engine/Content/MobileResources/T_MobileMenu2.uasset" 385
"../../../Engine/Content/MobileResources/HUD/MobileHUDButton2_off.uasset" 386
"../../../Engine/Content/MobileResources/HUD/MobileHUDDirectionPad.uasset" 387
"../../../Engine/Content/MobileResources/HUD/T_Castle_ThumbstickInner.uasset" 388
"../../../Engine/Content/MobileResources/HUD/MobileHUDButton1_off.uasset" 389
"../../../Engine/Content/MobileResources/HUD/MobileHUDDirectionPad3.uasset" 390
"../../../Engine/Content/MobileResources/T_MobileControls_texture.uasset" 391
"../../../Engine/Content/MobileResources/HUD/AnalogHat.uasset" 392
"../../../Engine/Content/MobileResources/HUD/VirtualJoystick_Background.uasset" 393
"../../../Engine/Content/MobileResources/HUD/VirtualJoystick_Thumb.uasset" 394
"../../../Engine/Content/MobileResources/HUD/DefaultVirtualJoysticks.uasset" 395
"../../../Engine/Content/MobileResources/HUD/LeftVirtualJoystickOnly.uasset" 396
"../../../Engine/Content/MobileResources/HUD/MobileHUDButton1_on.uasset" 397
"../../../Engine/Content/MobileResources/HUD/MobileHUDButton2_on.uasset" 398
"../../../Engine/Content/MobileResources/HUD/MobileHUDButtonFire.uasset" 399
"../../../Engine/Content/MobileResources/HUD/MobileHUDDirectionPad2.uasset" 400
"../../../Engine/Content/MobileResources/HUD/MobileHUDDirectionStick.uasset" 401
"../../../Engine/Content/MobileResources/HUD/T_Castle_ThumbstickOutter.uasset" 402
